{
    "meta": {
        "version": "7.2.5",
        "timestamp": "2024-01-20T22:42:00.083618",
        "branch_coverage": false,
        "show_contexts": false
    },
    "files": {
        "tests\\__init__.py": {
            "executed_lines": [
                1,
                2,
                4
            ],
            "summary": {
                "covered_lines": 3,
                "num_statements": 3,
                "percent_covered": 100.0,
                "percent_covered_display": "100",
                "missing_lines": 0,
                "excluded_lines": 0
            },
            "missing_lines": [],
            "excluded_lines": []
        },
        "tests\\test_datacleaning.py": {
            "executed_lines": [
                1,
                4,
                5,
                6,
                7,
                9,
                15,
                16,
                20,
                24,
                29,
                30,
                31,
                32,
                36,
                41,
                46,
                53,
                57,
                62,
                63,
                64,
                68,
                74,
                76,
                92,
                96,
                101,
                103,
                111,
                115,
                119,
                120,
                121,
                125,
                132,
                134,
                142,
                146,
                152,
                158,
                164,
                168,
                172,
                178,
                183,
                187,
                191,
                192,
                193,
                197,
                202,
                203,
                204,
                224
            ],
            "summary": {
                "covered_lines": 54,
                "num_statements": 54,
                "percent_covered": 100.0,
                "percent_covered_display": "100",
                "missing_lines": 0,
                "excluded_lines": 0
            },
            "missing_lines": [],
            "excluded_lines": []
        },
        "tests\\test_import_mm.py": {
            "executed_lines": [
                1,
                3,
                12
            ],
            "summary": {
                "covered_lines": 3,
                "num_statements": 3,
                "percent_covered": 100.0,
                "percent_covered_display": "100",
                "missing_lines": 0,
                "excluded_lines": 0
            },
            "missing_lines": [],
            "excluded_lines": []
        },
        "tests\\test_machine_learning.py": {
            "executed_lines": [
                1,
                4,
                5,
                6,
                9,
                30,
                39,
                40,
                41,
                42,
                43,
                44,
                45
            ],
            "summary": {
                "covered_lines": 12,
                "num_statements": 12,
                "percent_covered": 100.0,
                "percent_covered_display": "100",
                "missing_lines": 0,
                "excluded_lines": 0
            },
            "missing_lines": [],
            "excluded_lines": []
        },
        "tests\\test_marques_modeles.py": {
            "executed_lines": [
                1,
                3,
                5,
                12
            ],
            "summary": {
                "covered_lines": 3,
                "num_statements": 3,
                "percent_covered": 100.0,
                "percent_covered_display": "100",
                "missing_lines": 0,
                "excluded_lines": 0
            },
            "missing_lines": [],
            "excluded_lines": []
        },
        "tests\\test_predict.py": {
            "executed_lines": [
                1,
                4,
                5,
                6,
                8,
                12,
                28,
                29,
                33,
                37,
                53,
                54,
                58,
                62,
                78,
                79
            ],
            "summary": {
                "covered_lines": 15,
                "num_statements": 15,
                "percent_covered": 100.0,
                "percent_covered_display": "100",
                "missing_lines": 0,
                "excluded_lines": 0
            },
            "missing_lines": [],
            "excluded_lines": []
        },
        "tests\\test_streamlit_app.py": {
            "executed_lines": [
                1,
                4,
                5,
                7,
                11,
                12,
                15,
                19,
                20,
                21,
                25,
                29,
                30,
                31,
                35,
                39,
                40,
                41,
                45,
                49,
                50,
                51,
                52,
                53,
                54,
                58,
                64,
                65,
                66,
                67,
                68,
                69,
                70,
                71,
                72,
                73,
                74,
                75,
                78,
                87,
                88,
                89,
                90,
                91,
                92,
                93,
                94,
                98,
                105,
                106,
                107,
                108,
                109,
                110
            ],
            "summary": {
                "covered_lines": 53,
                "num_statements": 53,
                "percent_covered": 100.0,
                "percent_covered_display": "100",
                "missing_lines": 0,
                "excluded_lines": 0
            },
            "missing_lines": [],
            "excluded_lines": []
        },
        "tests\\test_webscraping.py": {
            "executed_lines": [
                1,
                17,
                18,
                19,
                20,
                23,
                31,
                32,
                33,
                34,
                38,
                43,
                44,
                48,
                56,
                57,
                61,
                69,
                70,
                74,
                80,
                81,
                82,
                83,
                84,
                85,
                89,
                94,
                95,
                96,
                100,
                105,
                106,
                107,
                111,
                116,
                117,
                118,
                122,
                127,
                128,
                129,
                134,
                139,
                140,
                148,
                152,
                153,
                197,
                201,
                202,
                206,
                210,
                211,
                215,
                220,
                221
            ],
            "summary": {
                "covered_lines": 56,
                "num_statements": 56,
                "percent_covered": 100.0,
                "percent_covered_display": "100",
                "missing_lines": 0,
                "excluded_lines": 0
            },
            "missing_lines": [],
            "excluded_lines": []
        }
    },
    "totals": {
        "covered_lines": 199,
        "num_statements": 199,
        "percent_covered": 100.0,
        "percent_covered_display": "100",
        "missing_lines": 0,
        "excluded_lines": 0
    }
}